[2024-04-04 00:11:24][INFO] SQLHandler::__construct database connected
[2024-04-04 00:11:24][INFO] Disabling/Deleting a user with id 22 APIController::deleteEmployer
[2024-04-04 00:11:24][INFO] Employer with ID 22 deleted successfully
[2024-04-04 00:11:24][INFO] delete success: notifiier is (Employer deleted)
[2024-04-04 00:11:24][INFO] SQLHandler::__construct database connected
[2024-04-04 00:11:24][INFO] Disabling/Deleting a user with id 1000 APIController::deleteEmployer
[2024-04-04 00:11:24][INFO] Employer with ID 1000 deleted successfully
[2024-04-04 00:11:24][INFO] delete success: notifiier is (Employer deleted)
[2024-04-04 00:11:24][INFO] SQLHandler::__construct database connected
[2024-04-04 00:11:24][INFO] Disabling/Deleting a user with id -4 APIController::deleteEmployer
[2024-04-04 00:11:24][INFO] Employer with ID -4 deleted successfully
[2024-04-04 00:11:24][INFO] delete success: notifiier is (Employer deleted)
[2024-04-04 00:11:24][INFO] SQLHandler::__construct database connected
[2024-04-04 00:11:24][INFO] Creating a job postAPIController::newJobPost
[2024-04-04 00:11:24][INFO] Checking job post fields in JobPostHandler::checkFields
[2024-04-04 00:11:24][INFO] Job Post fields checked and is ok JobPostHandler::checkFields
[2024-04-04 00:11:24][INFO] adding new post to database
[2024-04-04 00:11:24][INFO] new post added to database...returning id
[2024-04-04 00:11:24][INFO] last inserted record for post is 19
[2024-04-04 00:11:24][INFO] retreived new job post id as 19 in APIController::newJobPost
[2024-04-04 00:11:24][INFO] Post success: notifiier is (Job Post Created)
[2024-04-04 00:11:25][INFO] SQLHandler::__construct database connected
[2024-04-04 00:11:25][INFO] Creating a job postAPIController::newJobPost
[2024-04-04 00:11:25][INFO] Checking job post fields in JobPostHandler::checkFields
[2024-04-04 00:11:25][ERROR] Empty field job post title
[2024-04-04 00:11:25][INFO] SQLHandler::__construct database connected
[2024-04-04 00:11:25][INFO] Creating a job postAPIController::newJobPost
[2024-04-04 00:11:25][INFO] Checking job post fields in JobPostHandler::checkFields
[2024-04-04 00:11:25][ERROR] Empty field job post body
[2024-04-04 00:11:25][INFO] SQLHandler::__construct database connected
[2024-04-04 00:11:25][INFO] Registering a userAPIController::registerUser
[2024-04-04 00:11:25][INFO] Registration Handler createdRegistrationHandler::__construct
[2024-04-04 00:11:25][INFO] checking the input fieldsRegistrationHandler::checkFields
[2024-04-04 00:11:25][INFO] No fields are emptyRegistrationHandler::checkEmptyFields
[2024-04-04 00:11:25][INFO] Email is validRegistrationHandler::ensureIsValidEmail
[2024-04-04 00:11:25][INFO] Student Id is validRegistrationHandler::ensureIsValidStudentId
[2024-04-04 00:11:25][INFO] No Invalid characters in value stringsRegistrationHandler::containsInvalidCharacters
[2024-04-04 00:11:25][INFO] Passwords match
[2024-04-04 00:11:25][INFO] No Invalid string length on user registrationRegistrationHandler::checkForInvalidStringLengths
[2024-04-04 00:11:25][INFO] Field check successful
[2024-04-04 00:11:25][INFO] Query executed successfully
[2024-04-04 00:11:25][INFO] register success: notifiier is (Applicant is registered)
[2024-04-04 00:11:25][INFO] SQLHandler::__construct database connected
[2024-04-04 00:11:25][INFO] Registering a userAPIController::registerUser
[2024-04-04 00:11:25][INFO] Registration Handler createdRegistrationHandler::__construct
[2024-04-04 00:11:25][INFO] checking the input fieldsRegistrationHandler::checkFields
[2024-04-04 00:11:25][INFO] No fields are emptyRegistrationHandler::checkEmptyFields
[2024-04-04 00:11:25][INFO] SQLHandler::__construct database connected
[2024-04-04 00:11:25][INFO] Registering a userAPIController::registerUser
[2024-04-04 00:11:25][INFO] Registration Handler createdRegistrationHandler::__construct
[2024-04-04 00:11:25][INFO] checking the input fieldsRegistrationHandler::checkFields
[2024-04-04 00:11:25][INFO] No fields are emptyRegistrationHandler::checkEmptyFields
[2024-04-04 00:11:26][INFO] SQLHandler::__construct database connected
[2024-04-04 00:11:26][INFO] Registering a userAPIController::registerUser
[2024-04-04 00:11:26][INFO] Registration Handler createdRegistrationHandler::__construct
[2024-04-04 00:11:26][INFO] checking the input fieldsRegistrationHandler::checkFields
[2024-04-04 00:11:26][INFO] No fields are emptyRegistrationHandler::checkEmptyFields
[2024-04-04 00:11:26][INFO] Email is validRegistrationHandler::ensureIsValidEmail
[2024-04-04 00:11:26][INFO] SQLHandler::__construct database connected
[2024-04-04 00:11:26][INFO] Registering a userAPIController::registerUser
[2024-04-04 00:11:26][INFO] Registration Handler createdRegistrationHandler::__construct
[2024-04-04 00:11:26][INFO] checking the input fieldsRegistrationHandler::checkFields
[2024-04-04 00:11:26][INFO] No fields are emptyRegistrationHandler::checkEmptyFields
[2024-04-04 00:11:26][INFO] Email is validRegistrationHandler::ensureIsValidEmail
[2024-04-04 00:11:26][INFO] SQLHandler::__construct database connected
[2024-04-04 00:11:26][INFO] Registering a userAPIController::registerUser
[2024-04-04 00:11:26][INFO] Registration Handler createdRegistrationHandler::__construct
[2024-04-04 00:11:26][INFO] checking the input fieldsRegistrationHandler::checkFields
[2024-04-04 00:11:26][INFO] No fields are emptyRegistrationHandler::checkEmptyFields
[2024-04-04 00:11:26][INFO] Email is validRegistrationHandler::ensureIsValidEmail
[2024-04-04 00:11:26][INFO] SQLHandler::__construct database connected
[2024-04-04 00:11:26][INFO] Registering a userAPIController::registerUser
[2024-04-04 00:11:26][INFO] Registration Handler createdRegistrationHandler::__construct
[2024-04-04 00:11:26][INFO] checking the input fieldsRegistrationHandler::checkFields
[2024-04-04 00:11:26][INFO] No fields are emptyRegistrationHandler::checkEmptyFields
[2024-04-04 00:11:26][INFO] Email is validRegistrationHandler::ensureIsValidEmail
[2024-04-04 00:11:26][INFO] No Invalid characters in value stringsRegistrationHandler::containsInvalidCharacters
[2024-04-04 00:11:26][INFO] Passwords match
[2024-04-04 00:11:26][INFO] No Invalid string length on user registrationRegistrationHandler::checkForInvalidStringLengths
[2024-04-04 00:11:26][INFO] Field check successful
[2024-04-04 00:11:26][INFO] Query executed successfully
[2024-04-04 00:11:26][INFO] register success: notifiier is (Employer is registered)
[2024-04-04 00:11:26][INFO] SQLHandler::__construct database connected
[2024-04-04 00:11:26][INFO] Registering a userAPIController::registerUser
[2024-04-04 00:11:26][INFO] Registration Handler createdRegistrationHandler::__construct
[2024-04-04 00:11:26][INFO] checking the input fieldsRegistrationHandler::checkFields
[2024-04-04 00:11:26][INFO] No fields are emptyRegistrationHandler::checkEmptyFields
[2024-04-04 00:11:27][INFO] SQLHandler::__construct database connected
[2024-04-04 00:11:27][INFO] Registering a userAPIController::registerUser
[2024-04-04 00:11:27][INFO] Registration Handler createdRegistrationHandler::__construct
[2024-04-04 00:11:27][INFO] checking the input fieldsRegistrationHandler::checkFields
[2024-04-04 00:11:27][INFO] No fields are emptyRegistrationHandler::checkEmptyFields
[2024-04-04 00:11:27][INFO] SQLHandler::__construct database connected
[2024-04-04 00:11:27][INFO] Registering a userAPIController::registerUser
[2024-04-04 00:11:27][INFO] Registration Handler createdRegistrationHandler::__construct
[2024-04-04 00:11:27][INFO] checking the input fieldsRegistrationHandler::checkFields
[2024-04-04 00:11:27][INFO] No fields are emptyRegistrationHandler::checkEmptyFields
[2024-04-04 00:11:27][INFO] Email is validRegistrationHandler::ensureIsValidEmail
[2024-04-04 00:11:27][INFO] No Invalid characters in value stringsRegistrationHandler::containsInvalidCharacters
[2024-04-04 00:11:27][INFO] Registration passwords do not matchRegistrationHandler::passwordMatch
[2024-04-04 00:18:58][INFO] SQLHandler::__construct database connected
[2024-04-04 00:18:58][INFO] Disabling/Deleting a user with id 22 APIController::deleteEmployer
[2024-04-04 00:18:58][INFO] Employer with ID 22 deleted successfully
[2024-04-04 00:18:58][INFO] delete success: notifiier is (Employer deleted)
[2024-04-04 00:18:58][INFO] SQLHandler::__construct database connected
[2024-04-04 00:18:58][INFO] Disabling/Deleting a user with id 1000 APIController::deleteEmployer
[2024-04-04 00:18:58][INFO] Employer with ID 1000 deleted successfully
[2024-04-04 00:18:58][INFO] delete success: notifiier is (Employer deleted)
[2024-04-04 00:18:58][INFO] SQLHandler::__construct database connected
[2024-04-04 00:18:58][INFO] Disabling/Deleting a user with id -4 APIController::deleteEmployer
[2024-04-04 00:18:58][INFO] Employer with ID -4 deleted successfully
[2024-04-04 00:18:58][INFO] delete success: notifiier is (Employer deleted)
[2024-04-04 00:18:58][INFO] SQLHandler::__construct database connected
[2024-04-04 00:18:58][INFO] Creating a job postAPIController::newJobPost
[2024-04-04 00:18:58][INFO] Checking job post fields in JobPostHandler::checkFields
[2024-04-04 00:18:58][INFO] Job Post fields checked and is ok JobPostHandler::checkFields
[2024-04-04 00:18:58][INFO] adding new post to database
[2024-04-04 00:18:58][INFO] new post added to database...returning id
[2024-04-04 00:18:58][INFO] last inserted record for post is 20
[2024-04-04 00:18:58][INFO] retreived new job post id as 20 in APIController::newJobPost
[2024-04-04 00:18:58][INFO] Post success: notifiier is (Job Post Created)
[2024-04-04 00:18:58][INFO] SQLHandler::__construct database connected
[2024-04-04 00:18:58][INFO] Creating a job postAPIController::newJobPost
[2024-04-04 00:18:58][INFO] Checking job post fields in JobPostHandler::checkFields
[2024-04-04 00:18:58][ERROR] Empty field job post title
[2024-04-04 00:18:58][INFO] SQLHandler::__construct database connected
[2024-04-04 00:18:58][INFO] Creating a job postAPIController::newJobPost
[2024-04-04 00:18:58][INFO] Checking job post fields in JobPostHandler::checkFields
[2024-04-04 00:18:58][ERROR] Empty field job post body
[2024-04-04 00:18:58][INFO] SQLHandler::__construct database connected
[2024-04-04 00:18:58][INFO] Registering a userAPIController::registerUser
[2024-04-04 00:18:58][INFO] Registration Handler createdRegistrationHandler::__construct
[2024-04-04 00:18:58][INFO] checking the input fieldsRegistrationHandler::checkFields
[2024-04-04 00:18:58][INFO] No fields are emptyRegistrationHandler::checkEmptyFields
[2024-04-04 00:18:58][INFO] Email is validRegistrationHandler::ensureIsValidEmail
[2024-04-04 00:18:58][INFO] Student Id is validRegistrationHandler::ensureIsValidStudentId
[2024-04-04 00:18:58][INFO] No Invalid characters in value stringsRegistrationHandler::containsInvalidCharacters
[2024-04-04 00:18:58][INFO] Passwords match
[2024-04-04 00:18:58][INFO] No Invalid string length on user registrationRegistrationHandler::checkForInvalidStringLengths
[2024-04-04 00:18:58][INFO] Field check successful
[2024-04-04 00:18:58][INFO] Query executed successfully
[2024-04-04 00:18:58][INFO] register success: notifiier is (Applicant is registered)
[2024-04-04 00:18:59][INFO] SQLHandler::__construct database connected
[2024-04-04 00:18:59][INFO] Registering a userAPIController::registerUser
[2024-04-04 00:18:59][INFO] Registration Handler createdRegistrationHandler::__construct
[2024-04-04 00:18:59][INFO] checking the input fieldsRegistrationHandler::checkFields
[2024-04-04 00:18:59][INFO] No fields are emptyRegistrationHandler::checkEmptyFields
[2024-04-04 00:18:59][INFO] SQLHandler::__construct database connected
[2024-04-04 00:18:59][INFO] Registering a userAPIController::registerUser
[2024-04-04 00:18:59][INFO] Registration Handler createdRegistrationHandler::__construct
[2024-04-04 00:18:59][INFO] checking the input fieldsRegistrationHandler::checkFields
[2024-04-04 00:18:59][INFO] No fields are emptyRegistrationHandler::checkEmptyFields
[2024-04-04 00:18:59][INFO] SQLHandler::__construct database connected
[2024-04-04 00:18:59][INFO] Registering a userAPIController::registerUser
[2024-04-04 00:18:59][INFO] Registration Handler createdRegistrationHandler::__construct
[2024-04-04 00:18:59][INFO] checking the input fieldsRegistrationHandler::checkFields
[2024-04-04 00:18:59][INFO] No fields are emptyRegistrationHandler::checkEmptyFields
[2024-04-04 00:18:59][INFO] Email is validRegistrationHandler::ensureIsValidEmail
[2024-04-04 00:18:59][INFO] SQLHandler::__construct database connected
[2024-04-04 00:18:59][INFO] Registering a userAPIController::registerUser
[2024-04-04 00:18:59][INFO] Registration Handler createdRegistrationHandler::__construct
[2024-04-04 00:18:59][INFO] checking the input fieldsRegistrationHandler::checkFields
[2024-04-04 00:18:59][INFO] No fields are emptyRegistrationHandler::checkEmptyFields
[2024-04-04 00:18:59][INFO] Email is validRegistrationHandler::ensureIsValidEmail
[2024-04-04 00:18:59][INFO] SQLHandler::__construct database connected
[2024-04-04 00:18:59][INFO] Registering a userAPIController::registerUser
[2024-04-04 00:18:59][INFO] Registration Handler createdRegistrationHandler::__construct
[2024-04-04 00:18:59][INFO] checking the input fieldsRegistrationHandler::checkFields
[2024-04-04 00:18:59][INFO] No fields are emptyRegistrationHandler::checkEmptyFields
[2024-04-04 00:18:59][INFO] Email is validRegistrationHandler::ensureIsValidEmail
[2024-04-04 00:18:59][INFO] SQLHandler::__construct database connected
[2024-04-04 00:18:59][INFO] Registering a userAPIController::registerUser
[2024-04-04 00:18:59][INFO] Registration Handler createdRegistrationHandler::__construct
[2024-04-04 00:18:59][INFO] checking the input fieldsRegistrationHandler::checkFields
[2024-04-04 00:18:59][INFO] No fields are emptyRegistrationHandler::checkEmptyFields
[2024-04-04 00:18:59][INFO] Email is validRegistrationHandler::ensureIsValidEmail
[2024-04-04 00:18:59][INFO] No Invalid characters in value stringsRegistrationHandler::containsInvalidCharacters
[2024-04-04 00:18:59][INFO] Passwords match
[2024-04-04 00:18:59][INFO] No Invalid string length on user registrationRegistrationHandler::checkForInvalidStringLengths
[2024-04-04 00:18:59][INFO] Field check successful
[2024-04-04 00:18:59][INFO] SQLHandler::__construct database connected
[2024-04-04 00:18:59][INFO] Registering a userAPIController::registerUser
[2024-04-04 00:18:59][INFO] Registration Handler createdRegistrationHandler::__construct
[2024-04-04 00:18:59][INFO] checking the input fieldsRegistrationHandler::checkFields
[2024-04-04 00:18:59][INFO] No fields are emptyRegistrationHandler::checkEmptyFields
[2024-04-04 00:18:59][INFO] SQLHandler::__construct database connected
[2024-04-04 00:18:59][INFO] Registering a userAPIController::registerUser
[2024-04-04 00:18:59][INFO] Registration Handler createdRegistrationHandler::__construct
[2024-04-04 00:18:59][INFO] checking the input fieldsRegistrationHandler::checkFields
[2024-04-04 00:18:59][INFO] No fields are emptyRegistrationHandler::checkEmptyFields
[2024-04-04 00:18:59][INFO] SQLHandler::__construct database connected
[2024-04-04 00:18:59][INFO] Registering a userAPIController::registerUser
[2024-04-04 00:18:59][INFO] Registration Handler createdRegistrationHandler::__construct
[2024-04-04 00:18:59][INFO] checking the input fieldsRegistrationHandler::checkFields
[2024-04-04 00:18:59][INFO] No fields are emptyRegistrationHandler::checkEmptyFields
[2024-04-04 00:18:59][INFO] Email is validRegistrationHandler::ensureIsValidEmail
[2024-04-04 00:18:59][INFO] No Invalid characters in value stringsRegistrationHandler::containsInvalidCharacters
[2024-04-04 00:18:59][INFO] Registration passwords do not matchRegistrationHandler::passwordMatch
[2024-04-04 00:19:13][INFO] SQLHandler::__construct database connected
[2024-04-04 00:19:13][INFO] Disabling/Deleting a user with id 22 APIController::deleteEmployer
[2024-04-04 00:19:13][INFO] Employer with ID 22 deleted successfully
[2024-04-04 00:19:13][INFO] delete success: notifiier is (Employer deleted)
[2024-04-04 00:19:13][INFO] SQLHandler::__construct database connected
[2024-04-04 00:19:13][INFO] Disabling/Deleting a user with id 1000 APIController::deleteEmployer
[2024-04-04 00:19:13][INFO] Employer with ID 1000 deleted successfully
[2024-04-04 00:19:13][INFO] delete success: notifiier is (Employer deleted)
[2024-04-04 00:19:13][INFO] SQLHandler::__construct database connected
[2024-04-04 00:19:13][INFO] Disabling/Deleting a user with id -4 APIController::deleteEmployer
[2024-04-04 00:19:13][INFO] Employer with ID -4 deleted successfully
[2024-04-04 00:19:13][INFO] delete success: notifiier is (Employer deleted)
[2024-04-04 00:19:13][INFO] SQLHandler::__construct database connected
[2024-04-04 00:19:13][INFO] Creating a job postAPIController::newJobPost
[2024-04-04 00:19:13][INFO] Checking job post fields in JobPostHandler::checkFields
[2024-04-04 00:19:13][INFO] Job Post fields checked and is ok JobPostHandler::checkFields
[2024-04-04 00:19:13][INFO] adding new post to database
[2024-04-04 00:19:13][INFO] new post added to database...returning id
[2024-04-04 00:19:13][INFO] last inserted record for post is 21
[2024-04-04 00:19:13][INFO] retreived new job post id as 21 in APIController::newJobPost
[2024-04-04 00:19:13][INFO] Post success: notifiier is (Job Post Created)
[2024-04-04 00:19:13][INFO] SQLHandler::__construct database connected
[2024-04-04 00:19:13][INFO] Creating a job postAPIController::newJobPost
[2024-04-04 00:19:13][INFO] Checking job post fields in JobPostHandler::checkFields
[2024-04-04 00:19:13][ERROR] Empty field job post title
[2024-04-04 00:19:13][INFO] SQLHandler::__construct database connected
[2024-04-04 00:19:13][INFO] Creating a job postAPIController::newJobPost
[2024-04-04 00:19:13][INFO] Checking job post fields in JobPostHandler::checkFields
[2024-04-04 00:19:13][ERROR] Empty field job post body
[2024-04-04 00:19:13][INFO] SQLHandler::__construct database connected
[2024-04-04 00:19:13][INFO] Registering a userAPIController::registerUser
[2024-04-04 00:19:13][INFO] Registration Handler createdRegistrationHandler::__construct
[2024-04-04 00:19:13][INFO] checking the input fieldsRegistrationHandler::checkFields
[2024-04-04 00:19:13][INFO] No fields are emptyRegistrationHandler::checkEmptyFields
[2024-04-04 00:19:13][INFO] Email is validRegistrationHandler::ensureIsValidEmail
[2024-04-04 00:19:13][INFO] Student Id is validRegistrationHandler::ensureIsValidStudentId
[2024-04-04 00:19:13][INFO] No Invalid characters in value stringsRegistrationHandler::containsInvalidCharacters
[2024-04-04 00:19:13][INFO] Passwords match
[2024-04-04 00:19:13][INFO] No Invalid string length on user registrationRegistrationHandler::checkForInvalidStringLengths
[2024-04-04 00:19:13][INFO] Field check successful
[2024-04-04 00:19:13][INFO] Query executed successfully
[2024-04-04 00:19:13][INFO] register success: notifiier is (Applicant is registered)
[2024-04-04 00:19:13][INFO] SQLHandler::__construct database connected
[2024-04-04 00:19:13][INFO] Registering a userAPIController::registerUser
[2024-04-04 00:19:13][INFO] Registration Handler createdRegistrationHandler::__construct
[2024-04-04 00:19:13][INFO] checking the input fieldsRegistrationHandler::checkFields
[2024-04-04 00:19:13][INFO] No fields are emptyRegistrationHandler::checkEmptyFields
[2024-04-04 00:19:13][INFO] SQLHandler::__construct database connected
[2024-04-04 00:19:13][INFO] Registering a userAPIController::registerUser
[2024-04-04 00:19:13][INFO] Registration Handler createdRegistrationHandler::__construct
[2024-04-04 00:19:13][INFO] checking the input fieldsRegistrationHandler::checkFields
[2024-04-04 00:19:13][INFO] No fields are emptyRegistrationHandler::checkEmptyFields
[2024-04-04 00:19:13][INFO] SQLHandler::__construct database connected
[2024-04-04 00:19:13][INFO] Registering a userAPIController::registerUser
[2024-04-04 00:19:13][INFO] Registration Handler createdRegistrationHandler::__construct
[2024-04-04 00:19:13][INFO] checking the input fieldsRegistrationHandler::checkFields
[2024-04-04 00:19:13][INFO] No fields are emptyRegistrationHandler::checkEmptyFields
[2024-04-04 00:19:13][INFO] Email is validRegistrationHandler::ensureIsValidEmail
[2024-04-04 00:19:14][INFO] SQLHandler::__construct database connected
[2024-04-04 00:19:14][INFO] Registering a userAPIController::registerUser
[2024-04-04 00:19:14][INFO] Registration Handler createdRegistrationHandler::__construct
[2024-04-04 00:19:14][INFO] checking the input fieldsRegistrationHandler::checkFields
[2024-04-04 00:19:14][INFO] No fields are emptyRegistrationHandler::checkEmptyFields
[2024-04-04 00:19:14][INFO] Email is validRegistrationHandler::ensureIsValidEmail
[2024-04-04 00:19:14][INFO] SQLHandler::__construct database connected
[2024-04-04 00:19:14][INFO] Registering a userAPIController::registerUser
[2024-04-04 00:19:14][INFO] Registration Handler createdRegistrationHandler::__construct
[2024-04-04 00:19:14][INFO] checking the input fieldsRegistrationHandler::checkFields
[2024-04-04 00:19:14][INFO] No fields are emptyRegistrationHandler::checkEmptyFields
[2024-04-04 00:19:14][INFO] Email is validRegistrationHandler::ensureIsValidEmail
[2024-04-04 00:19:14][INFO] SQLHandler::__construct database connected
[2024-04-04 00:19:14][INFO] Registering a userAPIController::registerUser
[2024-04-04 00:19:14][INFO] Registration Handler createdRegistrationHandler::__construct
[2024-04-04 00:19:14][INFO] checking the input fieldsRegistrationHandler::checkFields
[2024-04-04 00:19:14][INFO] No fields are emptyRegistrationHandler::checkEmptyFields
[2024-04-04 00:19:14][INFO] Email is validRegistrationHandler::ensureIsValidEmail
[2024-04-04 00:19:14][INFO] No Invalid characters in value stringsRegistrationHandler::containsInvalidCharacters
[2024-04-04 00:19:14][INFO] Passwords match
[2024-04-04 00:19:14][INFO] No Invalid string length on user registrationRegistrationHandler::checkForInvalidStringLengths
[2024-04-04 00:19:14][INFO] Field check successful
[2024-04-04 00:19:14][INFO] SQLHandler::__construct database connected
[2024-04-04 00:19:14][INFO] Registering a userAPIController::registerUser
[2024-04-04 00:19:14][INFO] Registration Handler createdRegistrationHandler::__construct
[2024-04-04 00:19:14][INFO] checking the input fieldsRegistrationHandler::checkFields
[2024-04-04 00:19:14][INFO] No fields are emptyRegistrationHandler::checkEmptyFields
[2024-04-04 00:19:14][INFO] SQLHandler::__construct database connected
[2024-04-04 00:19:14][INFO] Registering a userAPIController::registerUser
[2024-04-04 00:19:14][INFO] Registration Handler createdRegistrationHandler::__construct
[2024-04-04 00:19:14][INFO] checking the input fieldsRegistrationHandler::checkFields
[2024-04-04 00:19:14][INFO] No fields are emptyRegistrationHandler::checkEmptyFields
[2024-04-04 00:19:14][INFO] SQLHandler::__construct database connected
[2024-04-04 00:19:14][INFO] Registering a userAPIController::registerUser
[2024-04-04 00:19:14][INFO] Registration Handler createdRegistrationHandler::__construct
[2024-04-04 00:19:14][INFO] checking the input fieldsRegistrationHandler::checkFields
[2024-04-04 00:19:14][INFO] No fields are emptyRegistrationHandler::checkEmptyFields
[2024-04-04 00:19:14][INFO] Email is validRegistrationHandler::ensureIsValidEmail
[2024-04-04 00:19:14][INFO] No Invalid characters in value stringsRegistrationHandler::containsInvalidCharacters
[2024-04-04 00:19:14][INFO] Registration passwords do not matchRegistrationHandler::passwordMatch
[2024-04-04 00:20:04][INFO] SQLHandler::__construct database connected
[2024-04-04 00:20:04][INFO] Registering a userAPIController::registerUser
[2024-04-04 00:20:04][INFO] Registration Handler createdRegistrationHandler::__construct
[2024-04-04 00:20:04][INFO] checking the input fieldsRegistrationHandler::checkFields
[2024-04-04 00:20:04][INFO] No fields are emptyRegistrationHandler::checkEmptyFields
[2024-04-04 00:20:04][INFO] Email is validRegistrationHandler::ensureIsValidEmail
[2024-04-04 00:20:04][INFO] No Invalid characters in value stringsRegistrationHandler::containsInvalidCharacters
[2024-04-04 00:20:04][INFO] Passwords match
[2024-04-04 00:20:04][INFO] No Invalid string length on user registrationRegistrationHandler::checkForInvalidStringLengths
[2024-04-04 00:20:04][INFO] Field check successful
[2024-04-04 00:20:04][INFO] Query executed successfully
[2024-04-04 00:20:04][INFO] register success: notifiier is (Employer is registered)
[2024-04-04 00:20:04][INFO] SQLHandler::__construct database connected
[2024-04-04 00:20:04][INFO] Registering a userAPIController::registerUser
[2024-04-04 00:20:04][INFO] Registration Handler createdRegistrationHandler::__construct
[2024-04-04 00:20:04][INFO] checking the input fieldsRegistrationHandler::checkFields
[2024-04-04 00:20:04][INFO] No fields are emptyRegistrationHandler::checkEmptyFields
[2024-04-04 00:20:04][INFO] SQLHandler::__construct database connected
[2024-04-04 00:20:04][INFO] Registering a userAPIController::registerUser
[2024-04-04 00:20:04][INFO] Registration Handler createdRegistrationHandler::__construct
[2024-04-04 00:20:04][INFO] checking the input fieldsRegistrationHandler::checkFields
[2024-04-04 00:20:04][INFO] No fields are emptyRegistrationHandler::checkEmptyFields
[2024-04-04 00:20:04][INFO] SQLHandler::__construct database connected
[2024-04-04 00:20:04][INFO] Registering a userAPIController::registerUser
[2024-04-04 00:20:04][INFO] Registration Handler createdRegistrationHandler::__construct
[2024-04-04 00:20:04][INFO] checking the input fieldsRegistrationHandler::checkFields
[2024-04-04 00:20:04][INFO] No fields are emptyRegistrationHandler::checkEmptyFields
[2024-04-04 00:20:04][INFO] Email is validRegistrationHandler::ensureIsValidEmail
[2024-04-04 00:20:04][INFO] No Invalid characters in value stringsRegistrationHandler::containsInvalidCharacters
[2024-04-04 00:20:04][INFO] Registration passwords do not matchRegistrationHandler::passwordMatch
